<?xml version="1.0" encoding="UTF-8"?>
<Site BuildName="(empty)"
	BuildStamp="20260221-0427-Experimental"
	Name="ubuntu_22.04.ubuntunya-faris-Thin-15-B12UCX"
	Generator="ctest-3.22.1"
	CompilerName="/usr/bin/g++"
	CompilerVersion="11.4.0"
	OSName="Linux"
	Hostname="ubuntu_22.04.ubuntunya-faris-Thin-15-B12UCX"
	OSRelease="6.14.0-37-generic"
	OSVersion="#37~24.04.1-Ubuntu SMP PREEMPT_DYNAMIC Thu Nov 20 10:25:38 UTC 2"
	OSPlatform="x86_64"
	Is64Bits="1"
	VendorString="GenuineIntel"
	VendorID="Intel Corporation"
	FamilyID="6"
	ModelID="154"
	ProcessorCacheSize="24576"
	NumberOfLogicalCPU="16"
	NumberOfPhysicalCPU="10"
	TotalVirtualMemory="8191"
	TotalPhysicalMemory="31798"
	LogicalProcessorsPerPhysical="1"
	ProcessorClockFrequency="1002.37"
	>
	<Testing>
		<StartDateTime>Feb 21 11:31 WIB</StartDateTime>
		<StartTestTime>1771648313</StartTestTime>
		<TestList/>
		<EndDateTime>Feb 21 11:31 WIB</EndDateTime>
		<EndTestTime>1771648313</EndTestTime>
		<ElapsedMinutes>0</ElapsedMinutes>
	</Testing>
</Site>
